
=== Running experiment: Paper_Nature_Freq4_Den0.5_Type3_ObsErr0.3 with NTemp=1 ===

iteration 1 of 117
Reading observations from file  /home/jorge.gacitua/experimentos/L96_multiple_experiments/data/Nature/Paper_Nature_Freq4_Den0.5_Type3_ObsErr0.3.npz

This is a TWIN experiment

Using AlphaTempScale to compute tempering dt
Tempering steps:  [1.]
Dt pseudo times:  [1.]
Data assimilation cycle #  100
Data assimilation cycle #  200
Data assimilation cycle #  300
Data assimilation cycle #  400
Data assimilation cycle #  500
Data assimilation cycle #  600
Data assimilation cycle #  700
Data assimilation cycle #  800
Data assimilation cycle #  900
Data assimilation cycle #  1000
Data assimilation cycle #  1100
Error: The forecast contains NaN or Inf, Iteration number : 1121  will dump some variables to a temporal file
iteration 2 of 117
Reading observations from file  /home/jorge.gacitua/experimentos/L96_multiple_experiments/data/Nature/Paper_Nature_Freq4_Den0.5_Type3_ObsErr0.3.npz

This is a TWIN experiment

Using AlphaTempScale to compute tempering dt
Tempering steps:  [1.]
Dt pseudo times:  [1.]
Data assimilation cycle #  100
Data assimilation cycle #  200
Data assimilation cycle #  300
Data assimilation cycle #  400
Data assimilation cycle #  500
Data assimilation cycle #  600
Data assimilation cycle #  700
Data assimilation cycle #  800
Data assimilation cycle #  900
Data assimilation cycle #  1000
Error: The forecast contains NaN or Inf, Iteration number : 1007  will dump some variables to a temporal file
iteration 3 of 117
Reading observations from file  /home/jorge.gacitua/experimentos/L96_multiple_experiments/data/Nature/Paper_Nature_Freq4_Den0.5_Type3_ObsErr0.3.npz

This is a TWIN experiment

Using AlphaTempScale to compute tempering dt
Tempering steps:  [1.]
Dt pseudo times:  [1.]
Data assimilation cycle #  100
Data assimilation cycle #  200
Data assimilation cycle #  300
Data assimilation cycle #  400
Error: The forecast contains NaN or Inf, Iteration number : 404  will dump some variables to a temporal file
iteration 4 of 117
Reading observations from file  /home/jorge.gacitua/experimentos/L96_multiple_experiments/data/Nature/Paper_Nature_Freq4_Den0.5_Type3_ObsErr0.3.npz

This is a TWIN experiment

Using AlphaTempScale to compute tempering dt
Tempering steps:  [1.]
Dt pseudo times:  [1.]
Data assimilation cycle #  100
Data assimilation cycle #  200
Data assimilation cycle #  300
Data assimilation cycle #  400
Data assimilation cycle #  500
Data assimilation cycle #  600
Data assimilation cycle #  700
Error: The forecast contains NaN or Inf, Iteration number : 727  will dump some variables to a temporal file
iteration 5 of 117
Reading observations from file  /home/jorge.gacitua/experimentos/L96_multiple_experiments/data/Nature/Paper_Nature_Freq4_Den0.5_Type3_ObsErr0.3.npz

This is a TWIN experiment

Using AlphaTempScale to compute tempering dt
Tempering steps:  [1.]
Dt pseudo times:  [1.]
Data assimilation cycle #  100
Data assimilation cycle #  200
Data assimilation cycle #  300
Data assimilation cycle #  400
Data assimilation cycle #  500
Data assimilation cycle #  600
Data assimilation cycle #  700
Data assimilation cycle #  800
Error: The forecast contains NaN or Inf, Iteration number : 886  will dump some variables to a temporal file
iteration 6 of 117
Reading observations from file  /home/jorge.gacitua/experimentos/L96_multiple_experiments/data/Nature/Paper_Nature_Freq4_Den0.5_Type3_ObsErr0.3.npz

This is a TWIN experiment

Using AlphaTempScale to compute tempering dt
Tempering steps:  [1.]
Dt pseudo times:  [1.]
Data assimilation cycle #  100
Error: The forecast contains NaN or Inf, Iteration number : 156  will dump some variables to a temporal file
iteration 7 of 117
Reading observations from file  /home/jorge.gacitua/experimentos/L96_multiple_experiments/data/Nature/Paper_Nature_Freq4_Den0.5_Type3_ObsErr0.3.npz

This is a TWIN experiment

Using AlphaTempScale to compute tempering dt
Tempering steps:  [1.]
Dt pseudo times:  [1.]
Error: The forecast contains NaN or Inf, Iteration number : 55  will dump some variables to a temporal file
iteration 8 of 117
Reading observations from file  /home/jorge.gacitua/experimentos/L96_multiple_experiments/data/Nature/Paper_Nature_Freq4_Den0.5_Type3_ObsErr0.3.npz

This is a TWIN experiment

Using AlphaTempScale to compute tempering dt
Tempering steps:  [1.]
Dt pseudo times:  [1.]
Data assimilation cycle #  100
Data assimilation cycle #  200
Data assimilation cycle #  300
Data assimilation cycle #  400
Data assimilation cycle #  500
Data assimilation cycle #  600
Data assimilation cycle #  700
Data assimilation cycle #  800
Data assimilation cycle #  900
Data assimilation cycle #  1000
Data assimilation cycle #  1100
Data assimilation cycle #  1200
Data assimilation cycle #  1300
Data assimilation cycle #  1400
Data assimilation cycle #  1500
Data assimilation cycle #  1600
Data assimilation cycle #  1700
Data assimilation cycle #  1800
Data assimilation cycle #  1900
Data assimilation cycle #  2000
Data assimilation cycle #  2100
Data assimilation cycle #  2200
Data assimilation cycle #  2300
Data assimilation cycle #  2400
Data assimilation cycle #  2500
Data assimilation cycle #  2600
Data assimilation cycle #  2700
Data assimilation cycle #  2800
Data assimilation cycle #  2900
Data assimilation cycle #  3000
Data assimilation cycle #  3100
Data assimilation cycle #  3200
Data assimilation cycle #  3300
Data assimilation cycle #  3400
Data assimilation cycle #  3500
Data assimilation cycle #  3600
Data assimilation cycle #  3700
Data assimilation cycle #  3800
Data assimilation cycle #  3900
Data assimilation cycle #  4000
Data assimilation cycle #  4100
Data assimilation cycle #  4200
Data assimilation cycle #  4300
Data assimilation cycle #  4400
Data assimilation cycle #  4500
Data assimilation cycle #  4600
Data assimilation cycle #  4700
Data assimilation cycle #  4800
Data assimilation cycle #  4900
Data assimilation cycle #  5000
Data assimilation cycle #  5100
Data assimilation cycle #  5200
Data assimilation cycle #  5300
Data assimilation cycle #  5400
Data assimilation cycle #  5500
Data assimilation cycle #  5600
Data assimilation cycle #  5700
Data assimilation cycle #  5800
Error: The forecast contains NaN or Inf, Iteration number : 5816  will dump some variables to a temporal file
iteration 9 of 117
Reading observations from file  /home/jorge.gacitua/experimentos/L96_multiple_experiments/data/Nature/Paper_Nature_Freq4_Den0.5_Type3_ObsErr0.3.npz

This is a TWIN experiment

Using AlphaTempScale to compute tempering dt
Tempering steps:  [1.]
Dt pseudo times:  [1.]
Error: The forecast contains NaN or Inf, Iteration number : 88  will dump some variables to a temporal file
iteration 10 of 117
Reading observations from file  /home/jorge.gacitua/experimentos/L96_multiple_experiments/data/Nature/Paper_Nature_Freq4_Den0.5_Type3_ObsErr0.3.npz

This is a TWIN experiment

Using AlphaTempScale to compute tempering dt
Tempering steps:  [1.]
Dt pseudo times:  [1.]
Data assimilation cycle #  100
Data assimilation cycle #  200
Data assimilation cycle #  300
Data assimilation cycle #  400
Data assimilation cycle #  500
Data assimilation cycle #  600
Data assimilation cycle #  700
Data assimilation cycle #  800
Data assimilation cycle #  900
Data assimilation cycle #  1000
Data assimilation cycle #  1100
Data assimilation cycle #  1200
Data assimilation cycle #  1300
Data assimilation cycle #  1400
Data assimilation cycle #  1500
Data assimilation cycle #  1600
Data assimilation cycle #  1700
Data assimilation cycle #  1800
Data assimilation cycle #  1900
Data assimilation cycle #  2000
Data assimilation cycle #  2100
Data assimilation cycle #  2200
Data assimilation cycle #  2300
Data assimilation cycle #  2400
Data assimilation cycle #  2500
Data assimilation cycle #  2600
Data assimilation cycle #  2700
Error: The forecast contains NaN or Inf, Iteration number : 2741  will dump some variables to a temporal file
iteration 11 of 117
Reading observations from file  /home/jorge.gacitua/experimentos/L96_multiple_experiments/data/Nature/Paper_Nature_Freq4_Den0.5_Type3_ObsErr0.3.npz

This is a TWIN experiment

Using AlphaTempScale to compute tempering dt
Tempering steps:  [1.]
Dt pseudo times:  [1.]
Data assimilation cycle #  100
Data assimilation cycle #  200
Error: The forecast contains NaN or Inf, Iteration number : 235  will dump some variables to a temporal file
iteration 12 of 117
Reading observations from file  /home/jorge.gacitua/experimentos/L96_multiple_experiments/data/Nature/Paper_Nature_Freq4_Den0.5_Type3_ObsErr0.3.npz

This is a TWIN experiment

Using AlphaTempScale to compute tempering dt
Tempering steps:  [1.]
Dt pseudo times:  [1.]
Error: The forecast contains NaN or Inf, Iteration number : 45  will dump some variables to a temporal file
iteration 13 of 117
Reading observations from file  /home/jorge.gacitua/experimentos/L96_multiple_experiments/data/Nature/Paper_Nature_Freq4_Den0.5_Type3_ObsErr0.3.npz

This is a TWIN experiment

Using AlphaTempScale to compute tempering dt
Tempering steps:  [1.]
Dt pseudo times:  [1.]
Error: The forecast contains NaN or Inf, Iteration number : 73  will dump some variables to a temporal file
iteration 14 of 117
Reading observations from file  /home/jorge.gacitua/experimentos/L96_multiple_experiments/data/Nature/Paper_Nature_Freq4_Den0.5_Type3_ObsErr0.3.npz

This is a TWIN experiment

Using AlphaTempScale to compute tempering dt
Tempering steps:  [1.]
Dt pseudo times:  [1.]
Error: The forecast contains NaN or Inf, Iteration number : 26  will dump some variables to a temporal file
iteration 15 of 117
Reading observations from file  /home/jorge.gacitua/experimentos/L96_multiple_experiments/data/Nature/Paper_Nature_Freq4_Den0.5_Type3_ObsErr0.3.npz

This is a TWIN experiment

Using AlphaTempScale to compute tempering dt
Tempering steps:  [1.]
Dt pseudo times:  [1.]
Data assimilation cycle #  100
Data assimilation cycle #  200
Data assimilation cycle #  300
Data assimilation cycle #  400
Error: The forecast contains NaN or Inf, Iteration number : 479  will dump some variables to a temporal file
iteration 16 of 117
Reading observations from file  /home/jorge.gacitua/experimentos/L96_multiple_experiments/data/Nature/Paper_Nature_Freq4_Den0.5_Type3_ObsErr0.3.npz

This is a TWIN experiment

Using AlphaTempScale to compute tempering dt
Tempering steps:  [1.]
Dt pseudo times:  [1.]
Error: The forecast contains NaN or Inf, Iteration number : 45  will dump some variables to a temporal file
iteration 17 of 117
Reading observations from file  /home/jorge.gacitua/experimentos/L96_multiple_experiments/data/Nature/Paper_Nature_Freq4_Den0.5_Type3_ObsErr0.3.npz

This is a TWIN experiment

Using AlphaTempScale to compute tempering dt
Tempering steps:  [1.]
Dt pseudo times:  [1.]
Error: The forecast contains NaN or Inf, Iteration number : 14  will dump some variables to a temporal file
iteration 18 of 117
Reading observations from file  /home/jorge.gacitua/experimentos/L96_multiple_experiments/data/Nature/Paper_Nature_Freq4_Den0.5_Type3_ObsErr0.3.npz

This is a TWIN experiment

Using AlphaTempScale to compute tempering dt
Tempering steps:  [1.]
Dt pseudo times:  [1.]
Error: The forecast contains NaN or Inf, Iteration number : 14  will dump some variables to a temporal file
iteration 19 of 117
Reading observations from file  /home/jorge.gacitua/experimentos/L96_multiple_experiments/data/Nature/Paper_Nature_Freq4_Den0.5_Type3_ObsErr0.3.npz

This is a TWIN experiment

Using AlphaTempScale to compute tempering dt
Tempering steps:  [1.]
Dt pseudo times:  [1.]
Data assimilation cycle #  100
Data assimilation cycle #  200
Data assimilation cycle #  300
Data assimilation cycle #  400
Data assimilation cycle #  500
Data assimilation cycle #  600
Data assimilation cycle #  700
Data assimilation cycle #  800
Data assimilation cycle #  900
Data assimilation cycle #  1000
Data assimilation cycle #  1100
Data assimilation cycle #  1200
Data assimilation cycle #  1300
Data assimilation cycle #  1400
Data assimilation cycle #  1500
Data assimilation cycle #  1600
Data assimilation cycle #  1700
Data assimilation cycle #  1800
Data assimilation cycle #  1900
Data assimilation cycle #  2000
Data assimilation cycle #  2100
Data assimilation cycle #  2200
Data assimilation cycle #  2300
Data assimilation cycle #  2400
Data assimilation cycle #  2500
Data assimilation cycle #  2600
Data assimilation cycle #  2700
Data assimilation cycle #  2800
Data assimilation cycle #  2900
Data assimilation cycle #  3000
Data assimilation cycle #  3100
Data assimilation cycle #  3200
Data assimilation cycle #  3300
Data assimilation cycle #  3400
Data assimilation cycle #  3500
Data assimilation cycle #  3600
Data assimilation cycle #  3700
Data assimilation cycle #  3800
Data assimilation cycle #  3900
Data assimilation cycle #  4000
Error: The forecast contains NaN or Inf, Iteration number : 4090  will dump some variables to a temporal file
iteration 20 of 117
Reading observations from file  /home/jorge.gacitua/experimentos/L96_multiple_experiments/data/Nature/Paper_Nature_Freq4_Den0.5_Type3_ObsErr0.3.npz

This is a TWIN experiment

Using AlphaTempScale to compute tempering dt
Tempering steps:  [1.]
Dt pseudo times:  [1.]
Data assimilation cycle #  100
Error: The forecast contains NaN or Inf, Iteration number : 187  will dump some variables to a temporal file
iteration 21 of 117
Reading observations from file  /home/jorge.gacitua/experimentos/L96_multiple_experiments/data/Nature/Paper_Nature_Freq4_Den0.5_Type3_ObsErr0.3.npz

This is a TWIN experiment

Using AlphaTempScale to compute tempering dt
Tempering steps:  [1.]
Dt pseudo times:  [1.]
Error: The forecast contains NaN or Inf, Iteration number : 55  will dump some variables to a temporal file
iteration 22 of 117
Reading observations from file  /home/jorge.gacitua/experimentos/L96_multiple_experiments/data/Nature/Paper_Nature_Freq4_Den0.5_Type3_ObsErr0.3.npz

This is a TWIN experiment

Using AlphaTempScale to compute tempering dt
Tempering steps:  [1.]
Dt pseudo times:  [1.]
Error: The forecast contains NaN or Inf, Iteration number : 26  will dump some variables to a temporal file
iteration 23 of 117
Reading observations from file  /home/jorge.gacitua/experimentos/L96_multiple_experiments/data/Nature/Paper_Nature_Freq4_Den0.5_Type3_ObsErr0.3.npz

This is a TWIN experiment

Using AlphaTempScale to compute tempering dt
Tempering steps:  [1.]
Dt pseudo times:  [1.]
Error: The forecast contains NaN or Inf, Iteration number : 39  will dump some variables to a temporal file
iteration 24 of 117
Reading observations from file  /home/jorge.gacitua/experimentos/L96_multiple_experiments/data/Nature/Paper_Nature_Freq4_Den0.5_Type3_ObsErr0.3.npz

This is a TWIN experiment

Using AlphaTempScale to compute tempering dt
Tempering steps:  [1.]
Dt pseudo times:  [1.]
Error: The forecast contains NaN or Inf, Iteration number : 58  will dump some variables to a temporal file
iteration 25 of 117
Reading observations from file  /home/jorge.gacitua/experimentos/L96_multiple_experiments/data/Nature/Paper_Nature_Freq4_Den0.5_Type3_ObsErr0.3.npz

This is a TWIN experiment

Using AlphaTempScale to compute tempering dt
Tempering steps:  [1.]
Dt pseudo times:  [1.]
Error: The forecast contains NaN or Inf, Iteration number : 29  will dump some variables to a temporal file
iteration 26 of 117
Reading observations from file  /home/jorge.gacitua/experimentos/L96_multiple_experiments/data/Nature/Paper_Nature_Freq4_Den0.5_Type3_ObsErr0.3.npz

This is a TWIN experiment

Using AlphaTempScale to compute tempering dt
Tempering steps:  [1.]
Dt pseudo times:  [1.]
Error: The forecast contains NaN or Inf, Iteration number : 23  will dump some variables to a temporal file
iteration 27 of 117
Reading observations from file  /home/jorge.gacitua/experimentos/L96_multiple_experiments/data/Nature/Paper_Nature_Freq4_Den0.5_Type3_ObsErr0.3.npz

This is a TWIN experiment

Using AlphaTempScale to compute tempering dt
Tempering steps:  [1.]
Dt pseudo times:  [1.]
Error: The forecast contains NaN or Inf, Iteration number : 27  will dump some variables to a temporal file
iteration 28 of 117
Reading observations from file  /home/jorge.gacitua/experimentos/L96_multiple_experiments/data/Nature/Paper_Nature_Freq4_Den0.5_Type3_ObsErr0.3.npz

This is a TWIN experiment

Using AlphaTempScale to compute tempering dt
Tempering steps:  [1.]
Dt pseudo times:  [1.]
Data assimilation cycle #  100
Data assimilation cycle #  200
Data assimilation cycle #  300
Data assimilation cycle #  400
Data assimilation cycle #  500
Data assimilation cycle #  600
Data assimilation cycle #  700
Data assimilation cycle #  800
Data assimilation cycle #  900
Data assimilation cycle #  1000
Data assimilation cycle #  1100
Data assimilation cycle #  1200
Data assimilation cycle #  1300
Data assimilation cycle #  1400
Data assimilation cycle #  1500
Data assimilation cycle #  1600
Data assimilation cycle #  1700
Data assimilation cycle #  1800
Data assimilation cycle #  1900
Data assimilation cycle #  2000
Data assimilation cycle #  2100
Data assimilation cycle #  2200
Data assimilation cycle #  2300
Data assimilation cycle #  2400
Data assimilation cycle #  2500
Data assimilation cycle #  2600
Data assimilation cycle #  2700
Data assimilation cycle #  2800
Data assimilation cycle #  2900
Data assimilation cycle #  3000
Data assimilation cycle #  3100
Data assimilation cycle #  3200
Data assimilation cycle #  3300
Data assimilation cycle #  3400
Data assimilation cycle #  3500
Data assimilation cycle #  3600
Data assimilation cycle #  3700
Data assimilation cycle #  3800
Data assimilation cycle #  3900
Data assimilation cycle #  4000
Data assimilation cycle #  4100
Data assimilation cycle #  4200
Data assimilation cycle #  4300
Data assimilation cycle #  4400
Data assimilation cycle #  4500
Data assimilation cycle #  4600
Data assimilation cycle #  4700
Data assimilation cycle #  4800
Data assimilation cycle #  4900
Data assimilation cycle #  5000
Data assimilation cycle #  5100
Data assimilation cycle #  5200
Data assimilation cycle #  5300
Data assimilation cycle #  5400
Data assimilation cycle #  5500
Data assimilation cycle #  5600
Data assimilation cycle #  5700
Data assimilation cycle #  5800
Data assimilation cycle #  5900
Data assimilation cycle #  6000
Data assimilation cycle #  6100
Data assimilation cycle #  6200
Data assimilation cycle #  6300
Data assimilation cycle #  6400
Data assimilation cycle #  6500
Data assimilation cycle #  6600
Data assimilation cycle #  6700
Data assimilation cycle #  6800
Data assimilation cycle #  6900
Data assimilation cycle #  7000
Data assimilation cycle #  7100
Data assimilation cycle #  7200
Data assimilation cycle #  7300
Data assimilation cycle #  7400
Data assimilation cycle #  7500
Data assimilation cycle #  7600
Data assimilation cycle #  7700
Data assimilation cycle #  7800
Data assimilation cycle #  7900
Data assimilation cycle #  8000
Data assimilation cycle #  8100
Data assimilation cycle #  8200
Data assimilation cycle #  8300
Data assimilation cycle #  8400
Data assimilation cycle #  8500
Data assimilation cycle #  8600
Data assimilation cycle #  8700
Data assimilation cycle #  8800
Data assimilation cycle #  8900
Data assimilation cycle #  9000
Data assimilation cycle #  9100
Data assimilation cycle #  9200
Data assimilation cycle #  9300
Data assimilation cycle #  9400
Data assimilation cycle #  9500
Data assimilation cycle #  9600
Data assimilation cycle #  9700
Data assimilation cycle #  9800
Data assimilation cycle #  9900
Data assimilation cycle #  10000
Data assimilation cycle #  10100
Data assimilation cycle #  10200
Data assimilation cycle #  10300
Data assimilation cycle #  10400
Data assimilation cycle #  10500
Data assimilation cycle #  10600
Data assimilation cycle #  10700
Data assimilation cycle #  10800
Data assimilation cycle #  10900
Data assimilation cycle #  11000
Data assimilation cycle #  11100
Data assimilation cycle #  11200
Data assimilation cycle #  11300
Data assimilation cycle #  11400
Data assimilation cycle #  11500
Data assimilation cycle #  11600
Data assimilation cycle #  11700
Data assimilation cycle #  11800
Data assimilation cycle #  11900
Data assimilation cycle #  12000
Data assimilation cycle #  12100
Data assimilation cycle #  12200
Data assimilation cycle #  12300
Data assimilation cycle #  12400
Data assimilation cycle #  12500
Data assimilation cycle #  12600
Data assimilation cycle #  12700
Data assimilation cycle #  12800
Data assimilation cycle #  12900
Data assimilation cycle #  13000
Data assimilation cycle #  13100
Data assimilation cycle #  13200
Data assimilation cycle #  13300
Data assimilation cycle #  13400
Data assimilation cycle #  13500
Data assimilation cycle #  13600
Data assimilation cycle #  13700
Data assimilation cycle #  13800
Data assimilation cycle #  13900
Data assimilation cycle #  14000
Data assimilation cycle #  14100
Data assimilation cycle #  14200
Data assimilation cycle #  14300
Data assimilation cycle #  14400
Data assimilation cycle #  14500
Data assimilation cycle #  14600
Data assimilation cycle #  14700
Data assimilation cycle #  14800
Data assimilation cycle #  14900
Data assimilation cycle #  15000
Data assimilation cycle #  15100
Data assimilation cycle #  15200
Data assimilation cycle #  15300
Data assimilation cycle #  15400
Data assimilation cycle #  15500
Data assimilation cycle #  15600
Data assimilation cycle #  15700
Data assimilation cycle #  15800
Data assimilation cycle #  15900
Data assimilation cycle #  16000
Data assimilation cycle #  16100
Data assimilation cycle #  16200
Data assimilation cycle #  16300
Data assimilation cycle #  16400
Data assimilation cycle #  16500
Data assimilation cycle #  16600
Data assimilation cycle #  16700
Data assimilation cycle #  16800
Data assimilation cycle #  16900
Data assimilation cycle #  17000
Data assimilation cycle #  17100
Data assimilation cycle #  17200
Data assimilation cycle #  17300
Data assimilation cycle #  17400
Error: The forecast contains NaN or Inf, Iteration number : 17467  will dump some variables to a temporal file
iteration 29 of 117
Reading observations from file  /home/jorge.gacitua/experimentos/L96_multiple_experiments/data/Nature/Paper_Nature_Freq4_Den0.5_Type3_ObsErr0.3.npz

This is a TWIN experiment

Using AlphaTempScale to compute tempering dt
Tempering steps:  [1.]
Dt pseudo times:  [1.]
Data assimilation cycle #  100
Data assimilation cycle #  200
Data assimilation cycle #  300
Data assimilation cycle #  400
Error: The forecast contains NaN or Inf, Iteration number : 428  will dump some variables to a temporal file
iteration 30 of 117
Reading observations from file  /home/jorge.gacitua/experimentos/L96_multiple_experiments/data/Nature/Paper_Nature_Freq4_Den0.5_Type3_ObsErr0.3.npz

This is a TWIN experiment

Using AlphaTempScale to compute tempering dt
Tempering steps:  [1.]
Dt pseudo times:  [1.]
Error: The forecast contains NaN or Inf, Iteration number : 30  will dump some variables to a temporal file
iteration 31 of 117
Reading observations from file  /home/jorge.gacitua/experimentos/L96_multiple_experiments/data/Nature/Paper_Nature_Freq4_Den0.5_Type3_ObsErr0.3.npz

This is a TWIN experiment

Using AlphaTempScale to compute tempering dt
Tempering steps:  [1.]
Dt pseudo times:  [1.]
Error: The forecast contains NaN or Inf, Iteration number : 72  will dump some variables to a temporal file
iteration 32 of 117
Reading observations from file  /home/jorge.gacitua/experimentos/L96_multiple_experiments/data/Nature/Paper_Nature_Freq4_Den0.5_Type3_ObsErr0.3.npz

This is a TWIN experiment

Using AlphaTempScale to compute tempering dt
Tempering steps:  [1.]
Dt pseudo times:  [1.]
Error: The forecast contains NaN or Inf, Iteration number : 69  will dump some variables to a temporal file
iteration 33 of 117
Reading observations from file  /home/jorge.gacitua/experimentos/L96_multiple_experiments/data/Nature/Paper_Nature_Freq4_Den0.5_Type3_ObsErr0.3.npz

This is a TWIN experiment

Using AlphaTempScale to compute tempering dt
Tempering steps:  [1.]
Dt pseudo times:  [1.]
Error: The forecast contains NaN or Inf, Iteration number : 32  will dump some variables to a temporal file
iteration 34 of 117
Reading observations from file  /home/jorge.gacitua/experimentos/L96_multiple_experiments/data/Nature/Paper_Nature_Freq4_Den0.5_Type3_ObsErr0.3.npz

This is a TWIN experiment

Using AlphaTempScale to compute tempering dt
Tempering steps:  [1.]
Dt pseudo times:  [1.]
Error: The forecast contains NaN or Inf, Iteration number : 18  will dump some variables to a temporal file
iteration 35 of 117
Reading observations from file  /home/jorge.gacitua/experimentos/L96_multiple_experiments/data/Nature/Paper_Nature_Freq4_Den0.5_Type3_ObsErr0.3.npz

This is a TWIN experiment

Using AlphaTempScale to compute tempering dt
Tempering steps:  [1.]
Dt pseudo times:  [1.]
Error: The forecast contains NaN or Inf, Iteration number : 28  will dump some variables to a temporal file
iteration 36 of 117
Reading observations from file  /home/jorge.gacitua/experimentos/L96_multiple_experiments/data/Nature/Paper_Nature_Freq4_Den0.5_Type3_ObsErr0.3.npz

This is a TWIN experiment

Using AlphaTempScale to compute tempering dt
Tempering steps:  [1.]
Dt pseudo times:  [1.]
Error: The forecast contains NaN or Inf, Iteration number : 15  will dump some variables to a temporal file
iteration 37 of 117
Reading observations from file  /home/jorge.gacitua/experimentos/L96_multiple_experiments/data/Nature/Paper_Nature_Freq4_Den0.5_Type3_ObsErr0.3.npz

This is a TWIN experiment

Using AlphaTempScale to compute tempering dt
Tempering steps:  [1.]
Dt pseudo times:  [1.]
Data assimilation cycle #  100
Data assimilation cycle #  200
Data assimilation cycle #  300
Data assimilation cycle #  400
Data assimilation cycle #  500
Data assimilation cycle #  600
Data assimilation cycle #  700
Data assimilation cycle #  800
Data assimilation cycle #  900
Data assimilation cycle #  1000
Data assimilation cycle #  1100
Data assimilation cycle #  1200
Data assimilation cycle #  1300
Data assimilation cycle #  1400
Data assimilation cycle #  1500
Data assimilation cycle #  1600
Data assimilation cycle #  1700
Data assimilation cycle #  1800
Data assimilation cycle #  1900
Data assimilation cycle #  2000
Data assimilation cycle #  2100
Data assimilation cycle #  2200
Data assimilation cycle #  2300
Data assimilation cycle #  2400
Data assimilation cycle #  2500
Data assimilation cycle #  2600
Data assimilation cycle #  2700
Data assimilation cycle #  2800
Data assimilation cycle #  2900
Data assimilation cycle #  3000
Data assimilation cycle #  3100
Data assimilation cycle #  3200
Data assimilation cycle #  3300
Data assimilation cycle #  3400
Data assimilation cycle #  3500
Data assimilation cycle #  3600
Data assimilation cycle #  3700
Data assimilation cycle #  3800
Data assimilation cycle #  3900
Data assimilation cycle #  4000
Data assimilation cycle #  4100
Data assimilation cycle #  4200
Data assimilation cycle #  4300
Data assimilation cycle #  4400
Data assimilation cycle #  4500
Data assimilation cycle #  4600
Data assimilation cycle #  4700
Data assimilation cycle #  4800
Data assimilation cycle #  4900
Data assimilation cycle #  5000
Data assimilation cycle #  5100
Data assimilation cycle #  5200
Data assimilation cycle #  5300
Data assimilation cycle #  5400
Data assimilation cycle #  5500
Data assimilation cycle #  5600
Data assimilation cycle #  5700
Data assimilation cycle #  5800
Data assimilation cycle #  5900
Data assimilation cycle #  6000
Data assimilation cycle #  6100
Data assimilation cycle #  6200
Data assimilation cycle #  6300
Data assimilation cycle #  6400
Data assimilation cycle #  6500
Data assimilation cycle #  6600
Data assimilation cycle #  6700
Data assimilation cycle #  6800
Data assimilation cycle #  6900
Data assimilation cycle #  7000
Data assimilation cycle #  7100
Data assimilation cycle #  7200
Data assimilation cycle #  7300
Data assimilation cycle #  7400
Data assimilation cycle #  7500
Data assimilation cycle #  7600
Data assimilation cycle #  7700
Data assimilation cycle #  7800
Data assimilation cycle #  7900
Data assimilation cycle #  8000
Data assimilation cycle #  8100
Data assimilation cycle #  8200
Data assimilation cycle #  8300
Data assimilation cycle #  8400
Data assimilation cycle #  8500
Data assimilation cycle #  8600
Data assimilation cycle #  8700
Data assimilation cycle #  8800
Data assimilation cycle #  8900
Data assimilation cycle #  9000
Data assimilation cycle #  9100
Data assimilation cycle #  9200
Error: The forecast contains NaN or Inf, Iteration number : 9299  will dump some variables to a temporal file
iteration 38 of 117
Reading observations from file  /home/jorge.gacitua/experimentos/L96_multiple_experiments/data/Nature/Paper_Nature_Freq4_Den0.5_Type3_ObsErr0.3.npz

This is a TWIN experiment

Using AlphaTempScale to compute tempering dt
Tempering steps:  [1.]
Dt pseudo times:  [1.]
Data assimilation cycle #  100
Data assimilation cycle #  200
Data assimilation cycle #  300
Data assimilation cycle #  400
Data assimilation cycle #  500
Data assimilation cycle #  600
Error: The forecast contains NaN or Inf, Iteration number : 696  will dump some variables to a temporal file
iteration 39 of 117
Reading observations from file  /home/jorge.gacitua/experimentos/L96_multiple_experiments/data/Nature/Paper_Nature_Freq4_Den0.5_Type3_ObsErr0.3.npz

This is a TWIN experiment

Using AlphaTempScale to compute tempering dt
Tempering steps:  [1.]
Dt pseudo times:  [1.]
Error: The forecast contains NaN or Inf, Iteration number : 43  will dump some variables to a temporal file
iteration 40 of 117
Reading observations from file  /home/jorge.gacitua/experimentos/L96_multiple_experiments/data/Nature/Paper_Nature_Freq4_Den0.5_Type3_ObsErr0.3.npz

This is a TWIN experiment

Using AlphaTempScale to compute tempering dt
Tempering steps:  [1.]
Dt pseudo times:  [1.]
Error: The forecast contains NaN or Inf, Iteration number : 68  will dump some variables to a temporal file
iteration 41 of 117
Reading observations from file  /home/jorge.gacitua/experimentos/L96_multiple_experiments/data/Nature/Paper_Nature_Freq4_Den0.5_Type3_ObsErr0.3.npz

This is a TWIN experiment

Using AlphaTempScale to compute tempering dt
Tempering steps:  [1.]
Dt pseudo times:  [1.]
Error: The forecast contains NaN or Inf, Iteration number : 50  will dump some variables to a temporal file
iteration 42 of 117
Reading observations from file  /home/jorge.gacitua/experimentos/L96_multiple_experiments/data/Nature/Paper_Nature_Freq4_Den0.5_Type3_ObsErr0.3.npz

This is a TWIN experiment

Using AlphaTempScale to compute tempering dt
Tempering steps:  [1.]
Dt pseudo times:  [1.]
Error: The forecast contains NaN or Inf, Iteration number : 40  will dump some variables to a temporal file
iteration 43 of 117
Reading observations from file  /home/jorge.gacitua/experimentos/L96_multiple_experiments/data/Nature/Paper_Nature_Freq4_Den0.5_Type3_ObsErr0.3.npz

This is a TWIN experiment

Using AlphaTempScale to compute tempering dt
Tempering steps:  [1.]
Dt pseudo times:  [1.]
Error: The forecast contains NaN or Inf, Iteration number : 28  will dump some variables to a temporal file
iteration 44 of 117
Reading observations from file  /home/jorge.gacitua/experimentos/L96_multiple_experiments/data/Nature/Paper_Nature_Freq4_Den0.5_Type3_ObsErr0.3.npz

This is a TWIN experiment

Using AlphaTempScale to compute tempering dt
Tempering steps:  [1.]
Dt pseudo times:  [1.]
Error: The forecast contains NaN or Inf, Iteration number : 15  will dump some variables to a temporal file
iteration 45 of 117
Reading observations from file  /home/jorge.gacitua/experimentos/L96_multiple_experiments/data/Nature/Paper_Nature_Freq4_Den0.5_Type3_ObsErr0.3.npz

This is a TWIN experiment

Using AlphaTempScale to compute tempering dt
Tempering steps:  [1.]
Dt pseudo times:  [1.]
Error: The forecast contains NaN or Inf, Iteration number : 22  will dump some variables to a temporal file
iteration 46 of 117
Reading observations from file  /home/jorge.gacitua/experimentos/L96_multiple_experiments/data/Nature/Paper_Nature_Freq4_Den0.5_Type3_ObsErr0.3.npz

This is a TWIN experiment

Using AlphaTempScale to compute tempering dt
Tempering steps:  [1.]
Dt pseudo times:  [1.]
Data assimilation cycle #  100
Data assimilation cycle #  200
Data assimilation cycle #  300
Data assimilation cycle #  400
Data assimilation cycle #  500
Data assimilation cycle #  600
Data assimilation cycle #  700
Data assimilation cycle #  800
Data assimilation cycle #  900
Data assimilation cycle #  1000
Data assimilation cycle #  1100
Data assimilation cycle #  1200
Data assimilation cycle #  1300
Data assimilation cycle #  1400
Data assimilation cycle #  1500
Data assimilation cycle #  1600
Data assimilation cycle #  1700
Data assimilation cycle #  1800
Data assimilation cycle #  1900
Data assimilation cycle #  2000
Data assimilation cycle #  2100
Data assimilation cycle #  2200
Data assimilation cycle #  2300
Data assimilation cycle #  2400
Data assimilation cycle #  2500
Data assimilation cycle #  2600
Data assimilation cycle #  2700
Data assimilation cycle #  2800
Data assimilation cycle #  2900
Data assimilation cycle #  3000
Data assimilation cycle #  3100
Data assimilation cycle #  3200
Data assimilation cycle #  3300
Data assimilation cycle #  3400
Data assimilation cycle #  3500
Data assimilation cycle #  3600
Data assimilation cycle #  3700
Data assimilation cycle #  3800
Data assimilation cycle #  3900
Data assimilation cycle #  4000
Data assimilation cycle #  4100
Data assimilation cycle #  4200
Data assimilation cycle #  4300
Data assimilation cycle #  4400
Data assimilation cycle #  4500
Data assimilation cycle #  4600
Data assimilation cycle #  4700
Data assimilation cycle #  4800
Data assimilation cycle #  4900
Data assimilation cycle #  5000
Data assimilation cycle #  5100
Data assimilation cycle #  5200
Data assimilation cycle #  5300
Data assimilation cycle #  5400
Data assimilation cycle #  5500
Data assimilation cycle #  5600
Data assimilation cycle #  5700
Data assimilation cycle #  5800
Data assimilation cycle #  5900
Data assimilation cycle #  6000
Data assimilation cycle #  6100
Data assimilation cycle #  6200
Data assimilation cycle #  6300
Data assimilation cycle #  6400
Data assimilation cycle #  6500
Data assimilation cycle #  6600
Data assimilation cycle #  6700
Data assimilation cycle #  6800
Data assimilation cycle #  6900
Data assimilation cycle #  7000
Data assimilation cycle #  7100
Data assimilation cycle #  7200
Data assimilation cycle #  7300
Data assimilation cycle #  7400
Data assimilation cycle #  7500
Data assimilation cycle #  7600
Data assimilation cycle #  7700
Data assimilation cycle #  7800
Data assimilation cycle #  7900
Data assimilation cycle #  8000
Data assimilation cycle #  8100
Data assimilation cycle #  8200
Data assimilation cycle #  8300
Data assimilation cycle #  8400
Data assimilation cycle #  8500
Data assimilation cycle #  8600
Data assimilation cycle #  8700
Data assimilation cycle #  8800
Data assimilation cycle #  8900
Data assimilation cycle #  9000
Data assimilation cycle #  9100
Data assimilation cycle #  9200
Data assimilation cycle #  9300
Data assimilation cycle #  9400
Data assimilation cycle #  9500
Data assimilation cycle #  9600
Data assimilation cycle #  9700
Data assimilation cycle #  9800
Data assimilation cycle #  9900
Data assimilation cycle #  10000
Data assimilation cycle #  10100
Data assimilation cycle #  10200
Data assimilation cycle #  10300
Data assimilation cycle #  10400
Data assimilation cycle #  10500
Data assimilation cycle #  10600
Data assimilation cycle #  10700
Data assimilation cycle #  10800
Data assimilation cycle #  10900
Data assimilation cycle #  11000
Data assimilation cycle #  11100
Data assimilation cycle #  11200
Data assimilation cycle #  11300
Data assimilation cycle #  11400
Data assimilation cycle #  11500
Data assimilation cycle #  11600
Data assimilation cycle #  11700
Data assimilation cycle #  11800
Data assimilation cycle #  11900
Data assimilation cycle #  12000
Data assimilation cycle #  12100
Data assimilation cycle #  12200
Data assimilation cycle #  12300
Data assimilation cycle #  12400
Data assimilation cycle #  12500
Data assimilation cycle #  12600
Data assimilation cycle #  12700
Data assimilation cycle #  12800
Data assimilation cycle #  12900
Data assimilation cycle #  13000
Data assimilation cycle #  13100
Data assimilation cycle #  13200
Data assimilation cycle #  13300
Data assimilation cycle #  13400
Data assimilation cycle #  13500
Data assimilation cycle #  13600
Data assimilation cycle #  13700
Data assimilation cycle #  13800
Data assimilation cycle #  13900
Data assimilation cycle #  14000
Data assimilation cycle #  14100
Data assimilation cycle #  14200
Data assimilation cycle #  14300
Data assimilation cycle #  14400
Data assimilation cycle #  14500
Data assimilation cycle #  14600
Data assimilation cycle #  14700
Data assimilation cycle #  14800
Data assimilation cycle #  14900
Data assimilation cycle #  15000
Data assimilation cycle #  15100
Data assimilation cycle #  15200
Data assimilation cycle #  15300
Data assimilation cycle #  15400
Data assimilation cycle #  15500
Data assimilation cycle #  15600
Data assimilation cycle #  15700
Data assimilation cycle #  15800
Data assimilation cycle #  15900
Data assimilation cycle #  16000
Data assimilation cycle #  16100
Data assimilation cycle #  16200
Data assimilation cycle #  16300
Data assimilation cycle #  16400
Data assimilation cycle #  16500
Data assimilation cycle #  16600
Data assimilation cycle #  16700
Data assimilation cycle #  16800
Data assimilation cycle #  16900
Data assimilation cycle #  17000
Data assimilation cycle #  17100
Data assimilation cycle #  17200
Data assimilation cycle #  17300
Data assimilation cycle #  17400
Data assimilation cycle #  17500
Data assimilation cycle #  17600
Data assimilation cycle #  17700
Data assimilation cycle #  17800
Data assimilation cycle #  17900
Data assimilation cycle #  18000
Data assimilation cycle #  18100
Data assimilation cycle #  18200
Data assimilation cycle #  18300
Data assimilation cycle #  18400
Data assimilation cycle #  18500
Data assimilation cycle #  18600
Data assimilation cycle #  18700
Data assimilation cycle #  18800
Data assimilation cycle #  18900
Data assimilation cycle #  19000
Data assimilation cycle #  19100
Data assimilation cycle #  19200
Data assimilation cycle #  19300
Data assimilation cycle #  19400
Data assimilation cycle #  19500
Data assimilation cycle #  19600
Data assimilation cycle #  19700
Data assimilation cycle #  19800
Data assimilation cycle #  19900
iteration 47 of 117
Reading observations from file  /home/jorge.gacitua/experimentos/L96_multiple_experiments/data/Nature/Paper_Nature_Freq4_Den0.5_Type3_ObsErr0.3.npz

This is a TWIN experiment

Using AlphaTempScale to compute tempering dt
Tempering steps:  [1.]
Dt pseudo times:  [1.]
Data assimilation cycle #  100
Data assimilation cycle #  200
Error: The forecast contains NaN or Inf, Iteration number : 200  will dump some variables to a temporal file
iteration 48 of 117
Reading observations from file  /home/jorge.gacitua/experimentos/L96_multiple_experiments/data/Nature/Paper_Nature_Freq4_Den0.5_Type3_ObsErr0.3.npz

This is a TWIN experiment

Using AlphaTempScale to compute tempering dt
Tempering steps:  [1.]
Dt pseudo times:  [1.]
Data assimilation cycle #  100
Error: The forecast contains NaN or Inf, Iteration number : 127  will dump some variables to a temporal file
iteration 49 of 117
Reading observations from file  /home/jorge.gacitua/experimentos/L96_multiple_experiments/data/Nature/Paper_Nature_Freq4_Den0.5_Type3_ObsErr0.3.npz

This is a TWIN experiment

Using AlphaTempScale to compute tempering dt
Tempering steps:  [1.]
Dt pseudo times:  [1.]
Error: The forecast contains NaN or Inf, Iteration number : 46  will dump some variables to a temporal file
iteration 50 of 117
Reading observations from file  /home/jorge.gacitua/experimentos/L96_multiple_experiments/data/Nature/Paper_Nature_Freq4_Den0.5_Type3_ObsErr0.3.npz

This is a TWIN experiment

Using AlphaTempScale to compute tempering dt
Tempering steps:  [1.]
Dt pseudo times:  [1.]
Error: The forecast contains NaN or Inf, Iteration number : 44  will dump some variables to a temporal file
iteration 51 of 117
Reading observations from file  /home/jorge.gacitua/experimentos/L96_multiple_experiments/data/Nature/Paper_Nature_Freq4_Den0.5_Type3_ObsErr0.3.npz

This is a TWIN experiment

Using AlphaTempScale to compute tempering dt
Tempering steps:  [1.]
Dt pseudo times:  [1.]
Error: The forecast contains NaN or Inf, Iteration number : 26  will dump some variables to a temporal file
iteration 52 of 117
Reading observations from file  /home/jorge.gacitua/experimentos/L96_multiple_experiments/data/Nature/Paper_Nature_Freq4_Den0.5_Type3_ObsErr0.3.npz

This is a TWIN experiment

Using AlphaTempScale to compute tempering dt
Tempering steps:  [1.]
Dt pseudo times:  [1.]
Error: The forecast contains NaN or Inf, Iteration number : 56  will dump some variables to a temporal file
iteration 53 of 117
Reading observations from file  /home/jorge.gacitua/experimentos/L96_multiple_experiments/data/Nature/Paper_Nature_Freq4_Den0.5_Type3_ObsErr0.3.npz

This is a TWIN experiment

Using AlphaTempScale to compute tempering dt
Tempering steps:  [1.]
Dt pseudo times:  [1.]
Error: The forecast contains NaN or Inf, Iteration number : 20  will dump some variables to a temporal file
iteration 54 of 117
Reading observations from file  /home/jorge.gacitua/experimentos/L96_multiple_experiments/data/Nature/Paper_Nature_Freq4_Den0.5_Type3_ObsErr0.3.npz

This is a TWIN experiment

Using AlphaTempScale to compute tempering dt
Tempering steps:  [1.]
Dt pseudo times:  [1.]
Error: The forecast contains NaN or Inf, Iteration number : 12  will dump some variables to a temporal file
iteration 55 of 117
Reading observations from file  /home/jorge.gacitua/experimentos/L96_multiple_experiments/data/Nature/Paper_Nature_Freq4_Den0.5_Type3_ObsErr0.3.npz

This is a TWIN experiment

Using AlphaTempScale to compute tempering dt
Tempering steps:  [1.]
Dt pseudo times:  [1.]
Data assimilation cycle #  100
Data assimilation cycle #  200
Data assimilation cycle #  300
Data assimilation cycle #  400
Data assimilation cycle #  500
Data assimilation cycle #  600
Data assimilation cycle #  700
Data assimilation cycle #  800
Data assimilation cycle #  900
Data assimilation cycle #  1000
Data assimilation cycle #  1100
Data assimilation cycle #  1200
Data assimilation cycle #  1300
Data assimilation cycle #  1400
Data assimilation cycle #  1500
Data assimilation cycle #  1600
Data assimilation cycle #  1700
Data assimilation cycle #  1800
Data assimilation cycle #  1900
Data assimilation cycle #  2000
Data assimilation cycle #  2100
Data assimilation cycle #  2200
Data assimilation cycle #  2300
Data assimilation cycle #  2400
Data assimilation cycle #  2500
Data assimilation cycle #  2600
Data assimilation cycle #  2700
Data assimilation cycle #  2800
Data assimilation cycle #  2900
Data assimilation cycle #  3000
Data assimilation cycle #  3100
Data assimilation cycle #  3200
Data assimilation cycle #  3300
Data assimilation cycle #  3400
Data assimilation cycle #  3500
Data assimilation cycle #  3600
Data assimilation cycle #  3700
Data assimilation cycle #  3800
Data assimilation cycle #  3900
Data assimilation cycle #  4000
Data assimilation cycle #  4100
Data assimilation cycle #  4200
Data assimilation cycle #  4300
Data assimilation cycle #  4400
Data assimilation cycle #  4500
Data assimilation cycle #  4600
Data assimilation cycle #  4700
Data assimilation cycle #  4800
Data assimilation cycle #  4900
Data assimilation cycle #  5000
Data assimilation cycle #  5100
Data assimilation cycle #  5200
Data assimilation cycle #  5300
Data assimilation cycle #  5400
Data assimilation cycle #  5500
Data assimilation cycle #  5600
Data assimilation cycle #  5700
Data assimilation cycle #  5800
Data assimilation cycle #  5900
Data assimilation cycle #  6000
Data assimilation cycle #  6100
Data assimilation cycle #  6200
Data assimilation cycle #  6300
Data assimilation cycle #  6400
Data assimilation cycle #  6500
Data assimilation cycle #  6600
Data assimilation cycle #  6700
Data assimilation cycle #  6800
Data assimilation cycle #  6900
Data assimilation cycle #  7000
Data assimilation cycle #  7100
Data assimilation cycle #  7200
Data assimilation cycle #  7300
Data assimilation cycle #  7400
Data assimilation cycle #  7500
Data assimilation cycle #  7600
Data assimilation cycle #  7700
Data assimilation cycle #  7800
Data assimilation cycle #  7900
Data assimilation cycle #  8000
Data assimilation cycle #  8100
Data assimilation cycle #  8200
Data assimilation cycle #  8300
Data assimilation cycle #  8400
Data assimilation cycle #  8500
Data assimilation cycle #  8600
Data assimilation cycle #  8700
Data assimilation cycle #  8800
Data assimilation cycle #  8900
Data assimilation cycle #  9000
Data assimilation cycle #  9100
Data assimilation cycle #  9200
Data assimilation cycle #  9300
Data assimilation cycle #  9400
Data assimilation cycle #  9500
Data assimilation cycle #  9600
Data assimilation cycle #  9700
Data assimilation cycle #  9800
Data assimilation cycle #  9900
Data assimilation cycle #  10000
Data assimilation cycle #  10100
Data assimilation cycle #  10200
Data assimilation cycle #  10300
Data assimilation cycle #  10400
Data assimilation cycle #  10500
Data assimilation cycle #  10600
Data assimilation cycle #  10700
Data assimilation cycle #  10800
Data assimilation cycle #  10900
Data assimilation cycle #  11000
Data assimilation cycle #  11100
Data assimilation cycle #  11200
Data assimilation cycle #  11300
Data assimilation cycle #  11400
Data assimilation cycle #  11500
Data assimilation cycle #  11600
Data assimilation cycle #  11700
Data assimilation cycle #  11800
Data assimilation cycle #  11900
Data assimilation cycle #  12000
Data assimilation cycle #  12100
Data assimilation cycle #  12200
Data assimilation cycle #  12300
Data assimilation cycle #  12400
Data assimilation cycle #  12500
Data assimilation cycle #  12600
Data assimilation cycle #  12700
Data assimilation cycle #  12800
Data assimilation cycle #  12900
Data assimilation cycle #  13000
Data assimilation cycle #  13100
Data assimilation cycle #  13200
Data assimilation cycle #  13300
Data assimilation cycle #  13400
Data assimilation cycle #  13500
Data assimilation cycle #  13600
Data assimilation cycle #  13700
Data assimilation cycle #  13800
Data assimilation cycle #  13900
Data assimilation cycle #  14000
Data assimilation cycle #  14100
Data assimilation cycle #  14200
Data assimilation cycle #  14300
Data assimilation cycle #  14400
Data assimilation cycle #  14500
Data assimilation cycle #  14600
Data assimilation cycle #  14700
Data assimilation cycle #  14800
Data assimilation cycle #  14900
Data assimilation cycle #  15000
Data assimilation cycle #  15100
Data assimilation cycle #  15200
Data assimilation cycle #  15300
Data assimilation cycle #  15400
Data assimilation cycle #  15500
Data assimilation cycle #  15600
Data assimilation cycle #  15700
Data assimilation cycle #  15800
Data assimilation cycle #  15900
Data assimilation cycle #  16000
Data assimilation cycle #  16100
Data assimilation cycle #  16200
Data assimilation cycle #  16300
Data assimilation cycle #  16400
Data assimilation cycle #  16500
Data assimilation cycle #  16600
Data assimilation cycle #  16700
Data assimilation cycle #  16800
Data assimilation cycle #  16900
Data assimilation cycle #  17000
Data assimilation cycle #  17100
Data assimilation cycle #  17200
Data assimilation cycle #  17300
Data assimilation cycle #  17400
Data assimilation cycle #  17500
Data assimilation cycle #  17600
Data assimilation cycle #  17700
Data assimilation cycle #  17800
Data assimilation cycle #  17900
Data assimilation cycle #  18000
Data assimilation cycle #  18100
Data assimilation cycle #  18200
Data assimilation cycle #  18300
Data assimilation cycle #  18400
Data assimilation cycle #  18500
Data assimilation cycle #  18600
Data assimilation cycle #  18700
Data assimilation cycle #  18800
Data assimilation cycle #  18900
Data assimilation cycle #  19000
Data assimilation cycle #  19100
Data assimilation cycle #  19200
Data assimilation cycle #  19300
Data assimilation cycle #  19400
Data assimilation cycle #  19500
Data assimilation cycle #  19600
Data assimilation cycle #  19700
Data assimilation cycle #  19800
Data assimilation cycle #  19900
iteration 56 of 117
Reading observations from file  /home/jorge.gacitua/experimentos/L96_multiple_experiments/data/Nature/Paper_Nature_Freq4_Den0.5_Type3_ObsErr0.3.npz

This is a TWIN experiment

Using AlphaTempScale to compute tempering dt
Tempering steps:  [1.]
Dt pseudo times:  [1.]
Data assimilation cycle #  100
Data assimilation cycle #  200
Data assimilation cycle #  300
Error: The forecast contains NaN or Inf, Iteration number : 379  will dump some variables to a temporal file
iteration 57 of 117
Reading observations from file  /home/jorge.gacitua/experimentos/L96_multiple_experiments/data/Nature/Paper_Nature_Freq4_Den0.5_Type3_ObsErr0.3.npz

This is a TWIN experiment

Using AlphaTempScale to compute tempering dt
Tempering steps:  [1.]
Dt pseudo times:  [1.]
Data assimilation cycle #  100
Error: The forecast contains NaN or Inf, Iteration number : 170  will dump some variables to a temporal file
iteration 58 of 117
Reading observations from file  /home/jorge.gacitua/experimentos/L96_multiple_experiments/data/Nature/Paper_Nature_Freq4_Den0.5_Type3_ObsErr0.3.npz

This is a TWIN experiment

Using AlphaTempScale to compute tempering dt
Tempering steps:  [1.]
Dt pseudo times:  [1.]
Error: The forecast contains NaN or Inf, Iteration number : 24  will dump some variables to a temporal file
iteration 59 of 117
Reading observations from file  /home/jorge.gacitua/experimentos/L96_multiple_experiments/data/Nature/Paper_Nature_Freq4_Den0.5_Type3_ObsErr0.3.npz

This is a TWIN experiment

Using AlphaTempScale to compute tempering dt
Tempering steps:  [1.]
Dt pseudo times:  [1.]
Error: The forecast contains NaN or Inf, Iteration number : 28  will dump some variables to a temporal file
iteration 60 of 117
Reading observations from file  /home/jorge.gacitua/experimentos/L96_multiple_experiments/data/Nature/Paper_Nature_Freq4_Den0.5_Type3_ObsErr0.3.npz

This is a TWIN experiment

Using AlphaTempScale to compute tempering dt
Tempering steps:  [1.]
Dt pseudo times:  [1.]
Error: The forecast contains NaN or Inf, Iteration number : 16  will dump some variables to a temporal file
iteration 61 of 117
Reading observations from file  /home/jorge.gacitua/experimentos/L96_multiple_experiments/data/Nature/Paper_Nature_Freq4_Den0.5_Type3_ObsErr0.3.npz

This is a TWIN experiment

Using AlphaTempScale to compute tempering dt
Tempering steps:  [1.]
Dt pseudo times:  [1.]
Error: The forecast contains NaN or Inf, Iteration number : 24  will dump some variables to a temporal file
iteration 62 of 117
Reading observations from file  /home/jorge.gacitua/experimentos/L96_multiple_experiments/data/Nature/Paper_Nature_Freq4_Den0.5_Type3_ObsErr0.3.npz

This is a TWIN experiment

Using AlphaTempScale to compute tempering dt
Tempering steps:  [1.]
Dt pseudo times:  [1.]
Error: The forecast contains NaN or Inf, Iteration number : 20  will dump some variables to a temporal file
iteration 63 of 117
Reading observations from file  /home/jorge.gacitua/experimentos/L96_multiple_experiments/data/Nature/Paper_Nature_Freq4_Den0.5_Type3_ObsErr0.3.npz

This is a TWIN experiment

Using AlphaTempScale to compute tempering dt
Tempering steps:  [1.]
Dt pseudo times:  [1.]
Error: The forecast contains NaN or Inf, Iteration number : 18  will dump some variables to a temporal file
iteration 64 of 117
Reading observations from file  /home/jorge.gacitua/experimentos/L96_multiple_experiments/data/Nature/Paper_Nature_Freq4_Den0.5_Type3_ObsErr0.3.npz

This is a TWIN experiment

Using AlphaTempScale to compute tempering dt
Tempering steps:  [1.]
Dt pseudo times:  [1.]
Data assimilation cycle #  100
Data assimilation cycle #  200
Data assimilation cycle #  300
Error: The forecast contains NaN or Inf, Iteration number : 342  will dump some variables to a temporal file
iteration 65 of 117
Reading observations from file  /home/jorge.gacitua/experimentos/L96_multiple_experiments/data/Nature/Paper_Nature_Freq4_Den0.5_Type3_ObsErr0.3.npz

This is a TWIN experiment

Using AlphaTempScale to compute tempering dt
Tempering steps:  [1.]
Dt pseudo times:  [1.]
Data assimilation cycle #  100
Error: The forecast contains NaN or Inf, Iteration number : 138  will dump some variables to a temporal file
iteration 66 of 117
Reading observations from file  /home/jorge.gacitua/experimentos/L96_multiple_experiments/data/Nature/Paper_Nature_Freq4_Den0.5_Type3_ObsErr0.3.npz

This is a TWIN experiment

Using AlphaTempScale to compute tempering dt
Tempering steps:  [1.]
Dt pseudo times:  [1.]
Error: The forecast contains NaN or Inf, Iteration number : 42  will dump some variables to a temporal file
iteration 67 of 117
Reading observations from file  /home/jorge.gacitua/experimentos/L96_multiple_experiments/data/Nature/Paper_Nature_Freq4_Den0.5_Type3_ObsErr0.3.npz

This is a TWIN experiment

Using AlphaTempScale to compute tempering dt
Tempering steps:  [1.]
Dt pseudo times:  [1.]
Error: The forecast contains NaN or Inf, Iteration number : 22  will dump some variables to a temporal file
iteration 68 of 117
Reading observations from file  /home/jorge.gacitua/experimentos/L96_multiple_experiments/data/Nature/Paper_Nature_Freq4_Den0.5_Type3_ObsErr0.3.npz

This is a TWIN experiment

Using AlphaTempScale to compute tempering dt
Tempering steps:  [1.]
Dt pseudo times:  [1.]
Error: The forecast contains NaN or Inf, Iteration number : 24  will dump some variables to a temporal file
iteration 69 of 117
Reading observations from file  /home/jorge.gacitua/experimentos/L96_multiple_experiments/data/Nature/Paper_Nature_Freq4_Den0.5_Type3_ObsErr0.3.npz

This is a TWIN experiment

Using AlphaTempScale to compute tempering dt
Tempering steps:  [1.]
Dt pseudo times:  [1.]
Error: The forecast contains NaN or Inf, Iteration number : 15  will dump some variables to a temporal file
iteration 70 of 117
Reading observations from file  /home/jorge.gacitua/experimentos/L96_multiple_experiments/data/Nature/Paper_Nature_Freq4_Den0.5_Type3_ObsErr0.3.npz

This is a TWIN experiment

Using AlphaTempScale to compute tempering dt
Tempering steps:  [1.]
Dt pseudo times:  [1.]
Error: The forecast contains NaN or Inf, Iteration number : 28  will dump some variables to a temporal file
iteration 71 of 117
Reading observations from file  /home/jorge.gacitua/experimentos/L96_multiple_experiments/data/Nature/Paper_Nature_Freq4_Den0.5_Type3_ObsErr0.3.npz

This is a TWIN experiment

Using AlphaTempScale to compute tempering dt
Tempering steps:  [1.]
Dt pseudo times:  [1.]
Error: The forecast contains NaN or Inf, Iteration number : 32  will dump some variables to a temporal file
iteration 72 of 117
Reading observations from file  /home/jorge.gacitua/experimentos/L96_multiple_experiments/data/Nature/Paper_Nature_Freq4_Den0.5_Type3_ObsErr0.3.npz

This is a TWIN experiment

Using AlphaTempScale to compute tempering dt
Tempering steps:  [1.]
Dt pseudo times:  [1.]
Error: The forecast contains NaN or Inf, Iteration number : 72  will dump some variables to a temporal file
iteration 73 of 117
Reading observations from file  /home/jorge.gacitua/experimentos/L96_multiple_experiments/data/Nature/Paper_Nature_Freq4_Den0.5_Type3_ObsErr0.3.npz

This is a TWIN experiment

Using AlphaTempScale to compute tempering dt
Tempering steps:  [1.]
Dt pseudo times:  [1.]
Data assimilation cycle #  100
Data assimilation cycle #  200
Data assimilation cycle #  300
Data assimilation cycle #  400
Data assimilation cycle #  500
Data assimilation cycle #  600
Data assimilation cycle #  700
Data assimilation cycle #  800
Data assimilation cycle #  900
Data assimilation cycle #  1000
Data assimilation cycle #  1100
Data assimilation cycle #  1200
Data assimilation cycle #  1300
Data assimilation cycle #  1400
Data assimilation cycle #  1500
Data assimilation cycle #  1600
Data assimilation cycle #  1700
Data assimilation cycle #  1800
Data assimilation cycle #  1900
Data assimilation cycle #  2000
Data assimilation cycle #  2100
Data assimilation cycle #  2200
Data assimilation cycle #  2300
Data assimilation cycle #  2400
Data assimilation cycle #  2500
Data assimilation cycle #  2600
Data assimilation cycle #  2700
Error: The forecast contains NaN or Inf, Iteration number : 2714  will dump some variables to a temporal file
iteration 74 of 117
Reading observations from file  /home/jorge.gacitua/experimentos/L96_multiple_experiments/data/Nature/Paper_Nature_Freq4_Den0.5_Type3_ObsErr0.3.npz

This is a TWIN experiment

Using AlphaTempScale to compute tempering dt
Tempering steps:  [1.]
Dt pseudo times:  [1.]
Data assimilation cycle #  100
Data assimilation cycle #  200
Data assimilation cycle #  300
Data assimilation cycle #  400
Data assimilation cycle #  500
Error: The forecast contains NaN or Inf, Iteration number : 564  will dump some variables to a temporal file
iteration 75 of 117
Reading observations from file  /home/jorge.gacitua/experimentos/L96_multiple_experiments/data/Nature/Paper_Nature_Freq4_Den0.5_Type3_ObsErr0.3.npz

This is a TWIN experiment

Using AlphaTempScale to compute tempering dt
Tempering steps:  [1.]
Dt pseudo times:  [1.]
Data assimilation cycle #  100
Data assimilation cycle #  200
Error: The forecast contains NaN or Inf, Iteration number : 265  will dump some variables to a temporal file
iteration 76 of 117
Reading observations from file  /home/jorge.gacitua/experimentos/L96_multiple_experiments/data/Nature/Paper_Nature_Freq4_Den0.5_Type3_ObsErr0.3.npz

This is a TWIN experiment

Using AlphaTempScale to compute tempering dt
Tempering steps:  [1.]
Dt pseudo times:  [1.]
Error: The forecast contains NaN or Inf, Iteration number : 49  will dump some variables to a temporal file
iteration 77 of 117
Reading observations from file  /home/jorge.gacitua/experimentos/L96_multiple_experiments/data/Nature/Paper_Nature_Freq4_Den0.5_Type3_ObsErr0.3.npz

This is a TWIN experiment

Using AlphaTempScale to compute tempering dt
Tempering steps:  [1.]
Dt pseudo times:  [1.]
Error: The forecast contains NaN or Inf, Iteration number : 18  will dump some variables to a temporal file
iteration 78 of 117
Reading observations from file  /home/jorge.gacitua/experimentos/L96_multiple_experiments/data/Nature/Paper_Nature_Freq4_Den0.5_Type3_ObsErr0.3.npz

This is a TWIN experiment

Using AlphaTempScale to compute tempering dt
Tempering steps:  [1.]
Dt pseudo times:  [1.]
Error: The forecast contains NaN or Inf, Iteration number : 41  will dump some variables to a temporal file
iteration 79 of 117
Reading observations from file  /home/jorge.gacitua/experimentos/L96_multiple_experiments/data/Nature/Paper_Nature_Freq4_Den0.5_Type3_ObsErr0.3.npz

This is a TWIN experiment

Using AlphaTempScale to compute tempering dt
Tempering steps:  [1.]
Dt pseudo times:  [1.]
Error: The forecast contains NaN or Inf, Iteration number : 30  will dump some variables to a temporal file
iteration 80 of 117
Reading observations from file  /home/jorge.gacitua/experimentos/L96_multiple_experiments/data/Nature/Paper_Nature_Freq4_Den0.5_Type3_ObsErr0.3.npz

This is a TWIN experiment

Using AlphaTempScale to compute tempering dt
Tempering steps:  [1.]
Dt pseudo times:  [1.]
Error: The forecast contains NaN or Inf, Iteration number : 15  will dump some variables to a temporal file
iteration 81 of 117
Reading observations from file  /home/jorge.gacitua/experimentos/L96_multiple_experiments/data/Nature/Paper_Nature_Freq4_Den0.5_Type3_ObsErr0.3.npz

This is a TWIN experiment

Using AlphaTempScale to compute tempering dt
Tempering steps:  [1.]
Dt pseudo times:  [1.]
Error: The forecast contains NaN or Inf, Iteration number : 16  will dump some variables to a temporal file
iteration 82 of 117
Reading observations from file  /home/jorge.gacitua/experimentos/L96_multiple_experiments/data/Nature/Paper_Nature_Freq4_Den0.5_Type3_ObsErr0.3.npz

This is a TWIN experiment

Using AlphaTempScale to compute tempering dt
Tempering steps:  [1.]
Dt pseudo times:  [1.]
Data assimilation cycle #  100
Data assimilation cycle #  200
Data assimilation cycle #  300
Data assimilation cycle #  400
Data assimilation cycle #  500
Data assimilation cycle #  600
Data assimilation cycle #  700
Data assimilation cycle #  800
Data assimilation cycle #  900
Error: The forecast contains NaN or Inf, Iteration number : 958  will dump some variables to a temporal file
iteration 83 of 117
Reading observations from file  /home/jorge.gacitua/experimentos/L96_multiple_experiments/data/Nature/Paper_Nature_Freq4_Den0.5_Type3_ObsErr0.3.npz

This is a TWIN experiment

Using AlphaTempScale to compute tempering dt
Tempering steps:  [1.]
Dt pseudo times:  [1.]
Data assimilation cycle #  100
Data assimilation cycle #  200
Data assimilation cycle #  300
Data assimilation cycle #  400
Data assimilation cycle #  500
Data assimilation cycle #  600
Data assimilation cycle #  700
Data assimilation cycle #  800
Data assimilation cycle #  900
Data assimilation cycle #  1000
Data assimilation cycle #  1100
Data assimilation cycle #  1200
Data assimilation cycle #  1300
Data assimilation cycle #  1400
Data assimilation cycle #  1500
Data assimilation cycle #  1600
Data assimilation cycle #  1700
Data assimilation cycle #  1800
Data assimilation cycle #  1900
Data assimilation cycle #  2000
Data assimilation cycle #  2100
Data assimilation cycle #  2200
Data assimilation cycle #  2300
Data assimilation cycle #  2400
Data assimilation cycle #  2500
Data assimilation cycle #  2600
Data assimilation cycle #  2700
Data assimilation cycle #  2800
Data assimilation cycle #  2900
Data assimilation cycle #  3000
Data assimilation cycle #  3100
Data assimilation cycle #  3200
Data assimilation cycle #  3300
Data assimilation cycle #  3400
Data assimilation cycle #  3500
Data assimilation cycle #  3600
Data assimilation cycle #  3700
Data assimilation cycle #  3800
Data assimilation cycle #  3900
Data assimilation cycle #  4000
Data assimilation cycle #  4100
Data assimilation cycle #  4200
Data assimilation cycle #  4300
Data assimilation cycle #  4400
Data assimilation cycle #  4500
Error: The forecast contains NaN or Inf, Iteration number : 4560  will dump some variables to a temporal file
iteration 84 of 117
Reading observations from file  /home/jorge.gacitua/experimentos/L96_multiple_experiments/data/Nature/Paper_Nature_Freq4_Den0.5_Type3_ObsErr0.3.npz

This is a TWIN experiment

Using AlphaTempScale to compute tempering dt
Tempering steps:  [1.]
Dt pseudo times:  [1.]
Data assimilation cycle #  100
Error: The forecast contains NaN or Inf, Iteration number : 195  will dump some variables to a temporal file
iteration 85 of 117
Reading observations from file  /home/jorge.gacitua/experimentos/L96_multiple_experiments/data/Nature/Paper_Nature_Freq4_Den0.5_Type3_ObsErr0.3.npz

This is a TWIN experiment

Using AlphaTempScale to compute tempering dt
Tempering steps:  [1.]
Dt pseudo times:  [1.]
Error: The forecast contains NaN or Inf, Iteration number : 48  will dump some variables to a temporal file
iteration 86 of 117
Reading observations from file  /home/jorge.gacitua/experimentos/L96_multiple_experiments/data/Nature/Paper_Nature_Freq4_Den0.5_Type3_ObsErr0.3.npz

This is a TWIN experiment

Using AlphaTempScale to compute tempering dt
Tempering steps:  [1.]
Dt pseudo times:  [1.]
Error: The forecast contains NaN or Inf, Iteration number : 26  will dump some variables to a temporal file
iteration 87 of 117
Reading observations from file  /home/jorge.gacitua/experimentos/L96_multiple_experiments/data/Nature/Paper_Nature_Freq4_Den0.5_Type3_ObsErr0.3.npz

This is a TWIN experiment

Using AlphaTempScale to compute tempering dt
Tempering steps:  [1.]
Dt pseudo times:  [1.]
Error: The forecast contains NaN or Inf, Iteration number : 23  will dump some variables to a temporal file
iteration 88 of 117
Reading observations from file  /home/jorge.gacitua/experimentos/L96_multiple_experiments/data/Nature/Paper_Nature_Freq4_Den0.5_Type3_ObsErr0.3.npz

This is a TWIN experiment

Using AlphaTempScale to compute tempering dt
Tempering steps:  [1.]
Dt pseudo times:  [1.]
Error: The forecast contains NaN or Inf, Iteration number : 16  will dump some variables to a temporal file
iteration 89 of 117
Reading observations from file  /home/jorge.gacitua/experimentos/L96_multiple_experiments/data/Nature/Paper_Nature_Freq4_Den0.5_Type3_ObsErr0.3.npz

This is a TWIN experiment

Using AlphaTempScale to compute tempering dt
Tempering steps:  [1.]
Dt pseudo times:  [1.]
Error: The forecast contains NaN or Inf, Iteration number : 13  will dump some variables to a temporal file
iteration 90 of 117
Reading observations from file  /home/jorge.gacitua/experimentos/L96_multiple_experiments/data/Nature/Paper_Nature_Freq4_Den0.5_Type3_ObsErr0.3.npz

This is a TWIN experiment

Using AlphaTempScale to compute tempering dt
Tempering steps:  [1.]
Dt pseudo times:  [1.]
Error: The forecast contains NaN or Inf, Iteration number : 11  will dump some variables to a temporal file
iteration 91 of 117
Reading observations from file  /home/jorge.gacitua/experimentos/L96_multiple_experiments/data/Nature/Paper_Nature_Freq4_Den0.5_Type3_ObsErr0.3.npz

This is a TWIN experiment

Using AlphaTempScale to compute tempering dt
Tempering steps:  [1.]
Dt pseudo times:  [1.]
Data assimilation cycle #  100
Data assimilation cycle #  200
Error: The forecast contains NaN or Inf, Iteration number : 241  will dump some variables to a temporal file
iteration 92 of 117
Reading observations from file  /home/jorge.gacitua/experimentos/L96_multiple_experiments/data/Nature/Paper_Nature_Freq4_Den0.5_Type3_ObsErr0.3.npz

This is a TWIN experiment

Using AlphaTempScale to compute tempering dt
Tempering steps:  [1.]
Dt pseudo times:  [1.]
Data assimilation cycle #  100
Data assimilation cycle #  200
Data assimilation cycle #  300
Data assimilation cycle #  400
Data assimilation cycle #  500
Data assimilation cycle #  600
Data assimilation cycle #  700
Data assimilation cycle #  800
Data assimilation cycle #  900
Data assimilation cycle #  1000
Data assimilation cycle #  1100
Data assimilation cycle #  1200
Data assimilation cycle #  1300
Data assimilation cycle #  1400
Data assimilation cycle #  1500
Data assimilation cycle #  1600
Data assimilation cycle #  1700
Data assimilation cycle #  1800
Data assimilation cycle #  1900
Data assimilation cycle #  2000
Data assimilation cycle #  2100
Data assimilation cycle #  2200
Data assimilation cycle #  2300
Data assimilation cycle #  2400
Data assimilation cycle #  2500
Data assimilation cycle #  2600
Data assimilation cycle #  2700
Data assimilation cycle #  2800
Data assimilation cycle #  2900
Data assimilation cycle #  3000
Data assimilation cycle #  3100
Data assimilation cycle #  3200
Data assimilation cycle #  3300
Data assimilation cycle #  3400
Data assimilation cycle #  3500
Data assimilation cycle #  3600
Data assimilation cycle #  3700
Data assimilation cycle #  3800
Data assimilation cycle #  3900
Data assimilation cycle #  4000
Data assimilation cycle #  4100
Data assimilation cycle #  4200
Data assimilation cycle #  4300
Data assimilation cycle #  4400
Data assimilation cycle #  4500
Data assimilation cycle #  4600
Data assimilation cycle #  4700
Data assimilation cycle #  4800
Data assimilation cycle #  4900
Data assimilation cycle #  5000
Data assimilation cycle #  5100
Data assimilation cycle #  5200
Data assimilation cycle #  5300
Data assimilation cycle #  5400
Data assimilation cycle #  5500
Data assimilation cycle #  5600
Data assimilation cycle #  5700
Data assimilation cycle #  5800
Data assimilation cycle #  5900
Data assimilation cycle #  6000
Data assimilation cycle #  6100
Data assimilation cycle #  6200
Data assimilation cycle #  6300
Data assimilation cycle #  6400
Error: The forecast contains NaN or Inf, Iteration number : 6405  will dump some variables to a temporal file
iteration 93 of 117
Reading observations from file  /home/jorge.gacitua/experimentos/L96_multiple_experiments/data/Nature/Paper_Nature_Freq4_Den0.5_Type3_ObsErr0.3.npz

This is a TWIN experiment

Using AlphaTempScale to compute tempering dt
Tempering steps:  [1.]
Dt pseudo times:  [1.]
Data assimilation cycle #  100
Data assimilation cycle #  200
Data assimilation cycle #  300
Data assimilation cycle #  400
Data assimilation cycle #  500
Data assimilation cycle #  600
Data assimilation cycle #  700
Error: The forecast contains NaN or Inf, Iteration number : 726  will dump some variables to a temporal file
iteration 94 of 117
Reading observations from file  /home/jorge.gacitua/experimentos/L96_multiple_experiments/data/Nature/Paper_Nature_Freq4_Den0.5_Type3_ObsErr0.3.npz

This is a TWIN experiment

Using AlphaTempScale to compute tempering dt
Tempering steps:  [1.]
Dt pseudo times:  [1.]
Data assimilation cycle #  100
Error: The forecast contains NaN or Inf, Iteration number : 129  will dump some variables to a temporal file
iteration 95 of 117
Reading observations from file  /home/jorge.gacitua/experimentos/L96_multiple_experiments/data/Nature/Paper_Nature_Freq4_Den0.5_Type3_ObsErr0.3.npz

This is a TWIN experiment

Using AlphaTempScale to compute tempering dt
Tempering steps:  [1.]
Dt pseudo times:  [1.]
Error: The forecast contains NaN or Inf, Iteration number : 42  will dump some variables to a temporal file
iteration 96 of 117
Reading observations from file  /home/jorge.gacitua/experimentos/L96_multiple_experiments/data/Nature/Paper_Nature_Freq4_Den0.5_Type3_ObsErr0.3.npz

This is a TWIN experiment

Using AlphaTempScale to compute tempering dt
Tempering steps:  [1.]
Dt pseudo times:  [1.]
Error: The forecast contains NaN or Inf, Iteration number : 58  will dump some variables to a temporal file
iteration 97 of 117
Reading observations from file  /home/jorge.gacitua/experimentos/L96_multiple_experiments/data/Nature/Paper_Nature_Freq4_Den0.5_Type3_ObsErr0.3.npz

This is a TWIN experiment

Using AlphaTempScale to compute tempering dt
Tempering steps:  [1.]
Dt pseudo times:  [1.]
Error: The forecast contains NaN or Inf, Iteration number : 23  will dump some variables to a temporal file
iteration 98 of 117
Reading observations from file  /home/jorge.gacitua/experimentos/L96_multiple_experiments/data/Nature/Paper_Nature_Freq4_Den0.5_Type3_ObsErr0.3.npz

This is a TWIN experiment

Using AlphaTempScale to compute tempering dt
Tempering steps:  [1.]
Dt pseudo times:  [1.]
Error: The forecast contains NaN or Inf, Iteration number : 17  will dump some variables to a temporal file
iteration 99 of 117
Reading observations from file  /home/jorge.gacitua/experimentos/L96_multiple_experiments/data/Nature/Paper_Nature_Freq4_Den0.5_Type3_ObsErr0.3.npz

This is a TWIN experiment

Using AlphaTempScale to compute tempering dt
Tempering steps:  [1.]
Dt pseudo times:  [1.]
Error: The forecast contains NaN or Inf, Iteration number : 8  will dump some variables to a temporal file
iteration 100 of 117
Reading observations from file  /home/jorge.gacitua/experimentos/L96_multiple_experiments/data/Nature/Paper_Nature_Freq4_Den0.5_Type3_ObsErr0.3.npz

This is a TWIN experiment

Using AlphaTempScale to compute tempering dt
Tempering steps:  [1.]
Dt pseudo times:  [1.]
Data assimilation cycle #  100
Error: The forecast contains NaN or Inf, Iteration number : 113  will dump some variables to a temporal file
iteration 101 of 117
Reading observations from file  /home/jorge.gacitua/experimentos/L96_multiple_experiments/data/Nature/Paper_Nature_Freq4_Den0.5_Type3_ObsErr0.3.npz

This is a TWIN experiment

Using AlphaTempScale to compute tempering dt
Tempering steps:  [1.]
Dt pseudo times:  [1.]
Data assimilation cycle #  100
Data assimilation cycle #  200
Data assimilation cycle #  300
Data assimilation cycle #  400
Data assimilation cycle #  500
Data assimilation cycle #  600
Data assimilation cycle #  700
Data assimilation cycle #  800
Data assimilation cycle #  900
Data assimilation cycle #  1000
Data assimilation cycle #  1100
Data assimilation cycle #  1200
Data assimilation cycle #  1300
Data assimilation cycle #  1400
Data assimilation cycle #  1500
Data assimilation cycle #  1600
Data assimilation cycle #  1700
Data assimilation cycle #  1800
Data assimilation cycle #  1900
Data assimilation cycle #  2000
Data assimilation cycle #  2100
Data assimilation cycle #  2200
Data assimilation cycle #  2300
Data assimilation cycle #  2400
Data assimilation cycle #  2500
Data assimilation cycle #  2600
Data assimilation cycle #  2700
Data assimilation cycle #  2800
Data assimilation cycle #  2900
Data assimilation cycle #  3000
Data assimilation cycle #  3100
Data assimilation cycle #  3200
Data assimilation cycle #  3300
Data assimilation cycle #  3400
Data assimilation cycle #  3500
Data assimilation cycle #  3600
Data assimilation cycle #  3700
Data assimilation cycle #  3800
Data assimilation cycle #  3900
Data assimilation cycle #  4000
Data assimilation cycle #  4100
Data assimilation cycle #  4200
Data assimilation cycle #  4300
Data assimilation cycle #  4400
Data assimilation cycle #  4500
Data assimilation cycle #  4600
Data assimilation cycle #  4700
Data assimilation cycle #  4800
Data assimilation cycle #  4900
Data assimilation cycle #  5000
Data assimilation cycle #  5100
Data assimilation cycle #  5200
Data assimilation cycle #  5300
Data assimilation cycle #  5400
Data assimilation cycle #  5500
Data assimilation cycle #  5600
Data assimilation cycle #  5700
Data assimilation cycle #  5800
Data assimilation cycle #  5900
Data assimilation cycle #  6000
Data assimilation cycle #  6100
Data assimilation cycle #  6200
Data assimilation cycle #  6300
Data assimilation cycle #  6400
Data assimilation cycle #  6500
Data assimilation cycle #  6600
Data assimilation cycle #  6700
Data assimilation cycle #  6800
Data assimilation cycle #  6900
Data assimilation cycle #  7000
Data assimilation cycle #  7100
Data assimilation cycle #  7200
Data assimilation cycle #  7300
Data assimilation cycle #  7400
Data assimilation cycle #  7500
Data assimilation cycle #  7600
Data assimilation cycle #  7700
Data assimilation cycle #  7800
Data assimilation cycle #  7900
Data assimilation cycle #  8000
Data assimilation cycle #  8100
Data assimilation cycle #  8200
Data assimilation cycle #  8300
Data assimilation cycle #  8400
Data assimilation cycle #  8500
Data assimilation cycle #  8600
Data assimilation cycle #  8700
Data assimilation cycle #  8800
Data assimilation cycle #  8900
Data assimilation cycle #  9000
Error: The forecast contains NaN or Inf, Iteration number : 9019  will dump some variables to a temporal file
iteration 102 of 117
Reading observations from file  /home/jorge.gacitua/experimentos/L96_multiple_experiments/data/Nature/Paper_Nature_Freq4_Den0.5_Type3_ObsErr0.3.npz

This is a TWIN experiment

Using AlphaTempScale to compute tempering dt
Tempering steps:  [1.]
Dt pseudo times:  [1.]
Data assimilation cycle #  100
Data assimilation cycle #  200
Data assimilation cycle #  300
Data assimilation cycle #  400
Data assimilation cycle #  500
Data assimilation cycle #  600
Data assimilation cycle #  700
Data assimilation cycle #  800
Error: The forecast contains NaN or Inf, Iteration number : 856  will dump some variables to a temporal file
iteration 103 of 117
Reading observations from file  /home/jorge.gacitua/experimentos/L96_multiple_experiments/data/Nature/Paper_Nature_Freq4_Den0.5_Type3_ObsErr0.3.npz

This is a TWIN experiment

Using AlphaTempScale to compute tempering dt
Tempering steps:  [1.]
Dt pseudo times:  [1.]
Error: The forecast contains NaN or Inf, Iteration number : 20  will dump some variables to a temporal file
iteration 104 of 117
Reading observations from file  /home/jorge.gacitua/experimentos/L96_multiple_experiments/data/Nature/Paper_Nature_Freq4_Den0.5_Type3_ObsErr0.3.npz

This is a TWIN experiment

Using AlphaTempScale to compute tempering dt
Tempering steps:  [1.]
Dt pseudo times:  [1.]
Error: The forecast contains NaN or Inf, Iteration number : 25  will dump some variables to a temporal file
iteration 105 of 117
Reading observations from file  /home/jorge.gacitua/experimentos/L96_multiple_experiments/data/Nature/Paper_Nature_Freq4_Den0.5_Type3_ObsErr0.3.npz

This is a TWIN experiment

Using AlphaTempScale to compute tempering dt
Tempering steps:  [1.]
Dt pseudo times:  [1.]
Error: The forecast contains NaN or Inf, Iteration number : 24  will dump some variables to a temporal file
iteration 106 of 117
Reading observations from file  /home/jorge.gacitua/experimentos/L96_multiple_experiments/data/Nature/Paper_Nature_Freq4_Den0.5_Type3_ObsErr0.3.npz

This is a TWIN experiment

Using AlphaTempScale to compute tempering dt
Tempering steps:  [1.]
Dt pseudo times:  [1.]
Error: The forecast contains NaN or Inf, Iteration number : 25  will dump some variables to a temporal file
iteration 107 of 117
Reading observations from file  /home/jorge.gacitua/experimentos/L96_multiple_experiments/data/Nature/Paper_Nature_Freq4_Den0.5_Type3_ObsErr0.3.npz

This is a TWIN experiment

Using AlphaTempScale to compute tempering dt
Tempering steps:  [1.]
Dt pseudo times:  [1.]
Error: The forecast contains NaN or Inf, Iteration number : 20  will dump some variables to a temporal file
iteration 108 of 117
Reading observations from file  /home/jorge.gacitua/experimentos/L96_multiple_experiments/data/Nature/Paper_Nature_Freq4_Den0.5_Type3_ObsErr0.3.npz

This is a TWIN experiment

Using AlphaTempScale to compute tempering dt
Tempering steps:  [1.]
Dt pseudo times:  [1.]
Error: The forecast contains NaN or Inf, Iteration number : 9  will dump some variables to a temporal file
iteration 109 of 117
Reading observations from file  /home/jorge.gacitua/experimentos/L96_multiple_experiments/data/Nature/Paper_Nature_Freq4_Den0.5_Type3_ObsErr0.3.npz

This is a TWIN experiment

Using AlphaTempScale to compute tempering dt
Tempering steps:  [1.]
Dt pseudo times:  [1.]
Error: The forecast contains NaN or Inf, Iteration number : 55  will dump some variables to a temporal file
iteration 110 of 117
Reading observations from file  /home/jorge.gacitua/experimentos/L96_multiple_experiments/data/Nature/Paper_Nature_Freq4_Den0.5_Type3_ObsErr0.3.npz

This is a TWIN experiment

Using AlphaTempScale to compute tempering dt
Tempering steps:  [1.]
Dt pseudo times:  [1.]
Data assimilation cycle #  100
Data assimilation cycle #  200
Data assimilation cycle #  300
Data assimilation cycle #  400
Data assimilation cycle #  500
Data assimilation cycle #  600
Data assimilation cycle #  700
Data assimilation cycle #  800
Error: The forecast contains NaN or Inf, Iteration number : 809  will dump some variables to a temporal file
iteration 111 of 117
Reading observations from file  /home/jorge.gacitua/experimentos/L96_multiple_experiments/data/Nature/Paper_Nature_Freq4_Den0.5_Type3_ObsErr0.3.npz

This is a TWIN experiment

Using AlphaTempScale to compute tempering dt
Tempering steps:  [1.]
Dt pseudo times:  [1.]
Data assimilation cycle #  100
Data assimilation cycle #  200
Error: The forecast contains NaN or Inf, Iteration number : 244  will dump some variables to a temporal file
iteration 112 of 117
Reading observations from file  /home/jorge.gacitua/experimentos/L96_multiple_experiments/data/Nature/Paper_Nature_Freq4_Den0.5_Type3_ObsErr0.3.npz

This is a TWIN experiment

Using AlphaTempScale to compute tempering dt
Tempering steps:  [1.]
Dt pseudo times:  [1.]
Data assimilation cycle #  100
Error: The forecast contains NaN or Inf, Iteration number : 114  will dump some variables to a temporal file
iteration 113 of 117
Reading observations from file  /home/jorge.gacitua/experimentos/L96_multiple_experiments/data/Nature/Paper_Nature_Freq4_Den0.5_Type3_ObsErr0.3.npz

This is a TWIN experiment

Using AlphaTempScale to compute tempering dt
Tempering steps:  [1.]
Dt pseudo times:  [1.]
Error: The forecast contains NaN or Inf, Iteration number : 94  will dump some variables to a temporal file
iteration 114 of 117
Reading observations from file  /home/jorge.gacitua/experimentos/L96_multiple_experiments/data/Nature/Paper_Nature_Freq4_Den0.5_Type3_ObsErr0.3.npz

This is a TWIN experiment

Using AlphaTempScale to compute tempering dt
Tempering steps:  [1.]
Dt pseudo times:  [1.]
Error: The forecast contains NaN or Inf, Iteration number : 14  will dump some variables to a temporal file
iteration 115 of 117
Reading observations from file  /home/jorge.gacitua/experimentos/L96_multiple_experiments/data/Nature/Paper_Nature_Freq4_Den0.5_Type3_ObsErr0.3.npz

This is a TWIN experiment

Using AlphaTempScale to compute tempering dt
Tempering steps:  [1.]
Dt pseudo times:  [1.]
Error: The forecast contains NaN or Inf, Iteration number : 19  will dump some variables to a temporal file
iteration 116 of 117
Reading observations from file  /home/jorge.gacitua/experimentos/L96_multiple_experiments/data/Nature/Paper_Nature_Freq4_Den0.5_Type3_ObsErr0.3.npz

This is a TWIN experiment

Using AlphaTempScale to compute tempering dt
Tempering steps:  [1.]
Dt pseudo times:  [1.]
Error: The forecast contains NaN or Inf, Iteration number : 10  will dump some variables to a temporal file
iteration 117 of 117
Reading observations from file  /home/jorge.gacitua/experimentos/L96_multiple_experiments/data/Nature/Paper_Nature_Freq4_Den0.5_Type3_ObsErr0.3.npz

This is a TWIN experiment

Using AlphaTempScale to compute tempering dt
Tempering steps:  [1.]
Dt pseudo times:  [1.]
Error: The forecast contains NaN or Inf, Iteration number : 9  will dump some variables to a temporal file
/opt/intel/oneapi/intelpython/latest/lib/python3.7/site-packages/numpy/core/_asarray.py:171: VisibleDeprecationWarning: Creating an ndarray from ragged nested sequences (which is a list-or-tuple of lists-or-tuples-or ndarrays with different lengths or shapes) is deprecated. If you meant to do this, you must specify 'dtype=object' when creating the ndarray.
  return array(a, dtype, copy=False, order=order, subok=True)

=== Experiment completed and saved to /home/jorge.gacitua/experimentos/L96_multiple_experiments/data/LETKF/LETKF_Paper_Nature_Freq4_Den0.5_Type3_ObsErr0.3_Nens20_NTemp1_alpha2_NOGEC.npz ===

